[0312/230307:ERROR:file_io_win.cc(163)] CreateFile C:\Program Files (x86)\settings.dat: Access is denied. (0x5)
[0312/230307:ERROR:registration_protocol_win.cc(82)] TransactNamedPipe: The pipe has been ended. (0x6D)
[0312/230307:ERROR:file_io_win.cc(163)] CreateFile C:\Program Files (x86)\settings.dat: Access is denied. (0x5)
[0312/232508:ERROR:file_io_win.cc(163)] CreateFile C:\Program Files (x86)\settings.dat: Access is denied. (0x5)
[0312/232508:ERROR:registration_protocol_win.cc(82)] TransactNamedPipe: The pipe has been ended. (0x6D)
[0312/232508:ERROR:file_io_win.cc(163)] CreateFile C:\Program Files (x86)\settings.dat: Access is denied. (0x5)
[0312/232549:ERROR:file_io_win.cc(163)] CreateFile C:\Program Files (x86)\settings.dat: Access is denied. (0x5)
[0312/232549:ERROR:registration_protocol_win.cc(82)] TransactNamedPipe: The pipe has been ended. (0x6D)
[0312/232549:ERROR:file_io_win.cc(163)] CreateFile C:\Program Files (x86)\settings.dat: Access is denied. (0x5)
[0314/193854:ERROR:file_io_win.cc(163)] CreateFile C:\Program Files (x86)\settings.dat: Access is denied. (0x5)
[0314/193854:ERROR:registration_protocol_win.cc(82)] TransactNamedPipe: The pipe has been ended. (0x6D)
[0314/193854:ERROR:file_io_win.cc(163)] CreateFile C:\Program Files (x86)\settings.dat: Access is denied. (0x5)
[0314/200835:ERROR:file_io_win.cc(163)] CreateFile C:\Program Files (x86)\settings.dat: Access is denied. (0x5)
[0314/200835:ERROR:registration_protocol_win.cc(82)] TransactNamedPipe: The pipe has been ended. (0x6D)
[0314/200835:ERROR:file_io_win.cc(163)] CreateFile C:\Program Files (x86)\settings.dat: Access is denied. (0x5)
[0314/204623:ERROR:file_io_win.cc(163)] CreateFile C:\Program Files (x86)\settings.dat: Access is denied. (0x5)
[0314/204623:ERROR:registration_protocol_win.cc(82)] TransactNamedPipe: The pipe has been ended. (0x6D)
[0314/204623:ERROR:file_io_win.cc(163)] CreateFile C:\Program Files (x86)\settings.dat: Access is denied. (0x5)
[0314/235008:ERROR:file_io_win.cc(163)] CreateFile C:\Program Files (x86)\settings.dat: Access is denied. (0x5)
[0314/235008:ERROR:registration_protocol_win.cc(82)] TransactNamedPipe: The pipe has been ended. (0x6D)
[0314/235008:ERROR:file_io_win.cc(163)] CreateFile C:\Program Files (x86)\settings.dat: Access is denied. (0x5)
[0316/120339:ERROR:file_io_win.cc(163)] CreateFile C:\Program Files (x86)\settings.dat: Access is denied. (0x5)
[0316/120339:ERROR:registration_protocol_win.cc(82)] TransactNamedPipe: The pipe has been ended. (0x6D)
[0316/120339:ERROR:file_io_win.cc(163)] CreateFile C:\Program Files (x86)\settings.dat: Access is denied. (0x5)
[0317/005551:ERROR:file_io_win.cc(163)] CreateFile C:\Program Files (x86)\settings.dat: Access is denied. (0x5)
[0317/005551:ERROR:registration_protocol_win.cc(82)] TransactNamedPipe: The pipe has been ended. (0x6D)
[0317/005551:ERROR:file_io_win.cc(163)] CreateFile C:\Program Files (x86)\settings.dat: Access is denied. (0x5)
[0317/125556:ERROR:file_io_win.cc(163)] CreateFile C:\Program Files (x86)\settings.dat: Access is denied. (0x5)
[0317/125556:ERROR:registration_protocol_win.cc(82)] TransactNamedPipe: The pipe has been ended. (0x6D)
[0317/125556:ERROR:file_io_win.cc(163)] CreateFile C:\Program Files (x86)\settings.dat: Access is denied. (0x5)
[0317/151324:ERROR:file_io_win.cc(163)] CreateFile C:\Program Files (x86)\settings.dat: Access is denied. (0x5)
[0317/151324:ERROR:registration_protocol_win.cc(82)] TransactNamedPipe: The pipe has been ended. (0x6D)
[0317/151324:ERROR:file_io_win.cc(163)] CreateFile C:\Program Files (x86)\settings.dat: Access is denied. (0x5)
[0317/151842:ERROR:file_io_win.cc(163)] CreateFile C:\Program Files (x86)\settings.dat: Access is denied. (0x5)
[0317/151842:ERROR:registration_protocol_win.cc(82)] TransactNamedPipe: The pipe has been ended. (0x6D)
[0317/151842:ERROR:file_io_win.cc(163)] CreateFile C:\Program Files (x86)\settings.dat: Access is denied. (0x5)
[0322/182353:ERROR:file_io_win.cc(163)] CreateFile C:\Program Files (x86)\settings.dat: Access is denied. (0x5)
[0322/182353:ERROR:registration_protocol_win.cc(82)] TransactNamedPipe: The pipe has been ended. (0x6D)
[0322/182353:ERROR:file_io_win.cc(163)] CreateFile C:\Program Files (x86)\settings.dat: Access is denied. (0x5)
[0322/185051:ERROR:file_io_win.cc(163)] CreateFile C:\Program Files (x86)\settings.dat: Access is denied. (0x5)
[0322/185051:ERROR:registration_protocol_win.cc(82)] TransactNamedPipe: The pipe has been ended. (0x6D)
[0322/185051:ERROR:file_io_win.cc(163)] CreateFile C:\Program Files (x86)\settings.dat: Access is denied. (0x5)
[0325/141903:ERROR:file_io_win.cc(163)] CreateFile C:\Program Files (x86)\settings.dat: Access is denied. (0x5)
[0325/141903:ERROR:registration_protocol_win.cc(82)] TransactNamedPipe: The pipe has been ended. (0x6D)
[0325/141903:ERROR:file_io_win.cc(163)] CreateFile C:\Program Files (x86)\settings.dat: Access is denied. (0x5)
[0325/153504:ERROR:file_io_win.cc(163)] CreateFile C:\Program Files (x86)\settings.dat: Access is denied. (0x5)
[0325/153504:ERROR:registration_protocol_win.cc(82)] TransactNamedPipe: The pipe has been ended. (0x6D)
[0325/153504:ERROR:file_io_win.cc(163)] CreateFile C:\Program Files (x86)\settings.dat: Access is denied. (0x5)
[0325/153534:ERROR:file_io_win.cc(163)] CreateFile C:\Program Files (x86)\settings.dat: Access is denied. (0x5)
[0325/153534:ERROR:registration_protocol_win.cc(82)] TransactNamedPipe: The pipe has been ended. (0x6D)
[0325/153534:ERROR:file_io_win.cc(163)] CreateFile C:\Program Files (x86)\settings.dat: Access is denied. (0x5)
[0325/153640:ERROR:file_io_win.cc(163)] CreateFile C:\Program Files (x86)\settings.dat: Access is denied. (0x5)
[0325/153640:ERROR:registration_protocol_win.cc(82)] TransactNamedPipe: The pipe has been ended. (0x6D)
[0325/153640:ERROR:file_io_win.cc(163)] CreateFile C:\Program Files (x86)\settings.dat: Access is denied. (0x5)
[0422/234947.162:ERROR:crash_report_database_win.cc(563)] CreateDirectory C:\Program Files (x86)\temp: Access is denied. (0x5)
[0422/234947.849:ERROR:registration_protocol_win.cc(83)] TransactNamedPipe: The pipe has been ended. (0x6D)
[0422/234948.349:ERROR:crashpad_win.cc(223)] Crashpad handler failed to start, crash reporting disabled
[0423/212125.532:ERROR:crash_report_database_win.cc(563)] CreateDirectory C:\Program Files (x86)\temp: Access is denied. (0x5)
[0423/212126.022:ERROR:crash_report_database_win.cc(563)] CreateDirectory C:\Program Files (x86)\temp: Access is denied. (0x5)
[0423/212126.022:ERROR:registration_protocol_win.cc(83)] TransactNamedPipe: The pipe has been ended. (0x6D)
[0423/212127.033:ERROR:crashpad_win.cc(223)] Crashpad handler failed to start, crash reporting disabled
[0831/131954.217:ERROR:file_io_win.cc(163)] CreateFile C:\Program Files (x86)\temp\settings.dat: Access is denied. (0x5)
[0831/131954.647:ERROR:registration_protocol_win.cc(83)] TransactNamedPipe: The pipe has been ended. (0x6D)
[0831/131955.030:ERROR:crashpad_win.cc(223)] Crashpad handler failed to start, crash reporting disabled
[0910/113833.736:ERROR:file_io_win.cc(163)] CreateFile C:\Program Files (x86)\temp\settings.dat: Access is denied. (0x5)
[0910/113834.059:ERROR:registration_protocol_win.cc(83)] TransactNamedPipe: The pipe has been ended. (0x6D)
[0910/113834.510:ERROR:crashpad_win.cc(223)] Crashpad handler failed to start, crash reporting disabled
[0922/120651.634:ERROR:file_io_win.cc(163)] CreateFile C:\Program Files (x86)\temp\settings.dat: Access is denied. (0x5)
[0922/120651.954:ERROR:registration_protocol_win.cc(83)] TransactNamedPipe: The pipe has been ended. (0x6D)
[0922/120652.027:ERROR:crashpad_win.cc(223)] Crashpad handler failed to start, crash reporting disabled
[0922/120750.865:ERROR:file_io_win.cc(163)] CreateFile C:\Program Files (x86)\temp\settings.dat: Access is denied. (0x5)
[0922/120751.024:ERROR:registration_protocol_win.cc(83)] TransactNamedPipe: The pipe has been ended. (0x6D)
[0922/120751.146:ERROR:crashpad_win.cc(223)] Crashpad handler failed to start, crash reporting disabled
[0922/121357.069:ERROR:file_io_win.cc(163)] CreateFile C:\Program Files (x86)\temp\settings.dat: Access is denied. (0x5)
[0922/121357.335:ERROR:registration_protocol_win.cc(83)] TransactNamedPipe: The pipe has been ended. (0x6D)
[0922/121357.367:ERROR:crashpad_win.cc(223)] Crashpad handler failed to start, crash reporting disabled
